<?xml version="1.0" encoding="UTF-8"?>
<!-- Generated by org.testng.reporters.JUnitReportReporter -->
<testsuite hostname="IN-PG02NMCZ" failures="0" tests="1" name="testCases.becomeASellerTest" time="13.109" errors="0" timestamp="09 Jan 2023 10:57:56 GMT" skipped="0">
  <testcase classname="testCases.becomeASellerTest" name="BecomaASeller" time="13.109"/>
</testsuite> <!-- testCases.becomeASellerTest -->
