<?xml version="1.0" encoding="UTF-8"?>
<!-- Generated by org.testng.reporters.JUnitReportReporter -->
<testsuite hostname="IN-PG02NMCZ" failures="0" tests="1" name="testCases.flipkartStoriesTest" time="31.941" errors="0" timestamp="09 Jan 2023 10:57:56 GMT" skipped="0">
  <testcase classname="testCases.flipkartStoriesTest" name="aboutUs" time="31.941"/>
</testsuite> <!-- testCases.flipkartStoriesTest -->
