<?xml version="1.0" encoding="UTF-8"?>
<!-- Generated by org.testng.reporters.JUnitReportReporter -->
<testsuite hostname="IN-PG02NMCZ" failures="0" tests="1" name="testCases.flipkartWholeSaleTest" time="6.934" errors="0" timestamp="09 Jan 2023 10:57:55 GMT" skipped="0">
  <testcase classname="testCases.flipkartWholeSaleTest" name="flipkartWholeSale" time="6.934"/>
</testsuite> <!-- testCases.flipkartWholeSaleTest -->
