<?xml version="1.0" encoding="UTF-8"?>
<!-- Generated by org.testng.reporters.JUnitReportReporter -->
<testsuite hostname="IN-PG02NMCZ" failures="0" tests="1" name="testCases.policyTest" time="2.806" errors="0" timestamp="09 Jan 2023 10:57:55 GMT" skipped="0">
  <testcase classname="testCases.policyTest" name="ReturnPolicyTest" time="2.806"/>
</testsuite> <!-- testCases.policyTest -->
