<?xml version="1.0" encoding="UTF-8"?>
<!-- Generated by org.testng.reporters.JUnitReportReporter -->
<testsuite hostname="IN-PG02NMCZ" failures="0" tests="1" name="testCases.helpTest" time="3.885" errors="0" timestamp="09 Jan 2023 10:57:55 GMT" skipped="0">
  <testcase classname="testCases.helpTest" name="PaymentPageTest" time="3.885"/>
</testsuite> <!-- testCases.helpTest -->
