<?xml version="1.0" encoding="UTF-8"?>
<!-- Generated by org.testng.reporters.JUnitReportReporter -->
<testsuite hostname="IN-PG02NMCZ" failures="0" tests="1" name="testCases.loginTest" time="2.031" errors="0" timestamp="09 Jan 2023 10:00:31 GMT" skipped="0">
  <testcase classname="testCases.loginTest" name="loginPageTest" time="2.031"/>
</testsuite> <!-- testCases.loginTest -->
