<?xml version="1.0" encoding="UTF-8"?>
<!-- Generated by org.testng.reporters.JUnitReportReporter -->
<testsuite hostname="IN-PG02NMCZ" failures="0" tests="1" name="testCases.searchProductTest" time="2.954" errors="0" timestamp="09 Jan 2023 10:00:31 GMT" skipped="0">
  <testcase classname="testCases.searchProductTest" name="SearchProduct" time="2.954"/>
</testsuite> <!-- testCases.searchProductTest -->
