<?xml version="1.0" encoding="UTF-8"?>
<!-- Generated by org.testng.reporters.JUnitReportReporter -->
<testsuite hostname="IN-PG02NMCZ" failures="0" tests="1" name="testCases.pressTest" time="4.470" errors="0" timestamp="09 Jan 2023 10:00:31 GMT" skipped="0">
  <testcase classname="testCases.pressTest" name="press" time="4.470"/>
</testsuite> <!-- testCases.pressTest -->
